16:12:30.841 [main] INFO  testCases.TC_002_LoginTest - Entering valid password...
16:12:31.686 [main] INFO  testCases.TC_002_LoginTest - clicked on login button...
16:12:34.251 [main] INFO  testCases.TC_002_LoginTest - Login Test passed..
16:14:02.012 [main] INFO  testCases.TC_002_LoginTest - !*** Starting TC_002_LoginTest***!
16:14:02.015 [main] DEBUG testCases.TC_002_LoginTest - Capturing application debug log info..
16:14:02.150 [main] INFO  testCases.TC_002_LoginTest - clicked on MyAccount in Homepage..
16:14:02.595 [main] INFO  testCases.TC_002_LoginTest - Clicked on Login Button under MyAccount..
16:14:02.599 [main] INFO  testCases.TC_002_LoginTest - Entering valid email id..
16:14:02.734 [main] INFO  testCases.TC_002_LoginTest - Entering valid password...
16:14:03.539 [main] INFO  testCases.TC_002_LoginTest - clicked on login button...
16:14:06.117 [main] INFO  testCases.TC_002_LoginTest - Login Test passed..
16:25:34.421 [main] INFO  testCases.TC_002_LoginTest - !*** Starting TC_002_LoginTest***!
16:25:34.431 [main] DEBUG testCases.TC_002_LoginTest - Capturing application debug log info..
16:25:34.574 [main] INFO  testCases.TC_002_LoginTest - clicked on MyAccount in Homepage..
16:25:35.020 [main] INFO  testCases.TC_002_LoginTest - Clicked on Login Button under MyAccount..
16:25:35.024 [main] INFO  testCases.TC_002_LoginTest - Entering valid email id..
16:25:35.155 [main] INFO  testCases.TC_002_LoginTest - Entering valid password...
16:25:36.000 [main] INFO  testCases.TC_002_LoginTest - clicked on login button...
16:25:38.595 [main] INFO  testCases.TC_002_LoginTest - Login Test passed..
16:32:01.716 [main] INFO  testCases.TC_001_AccountRegistrationTest - !****TC_001_AccountRegistrationTest***!
16:32:01.719 [main] DEBUG testCases.TC_001_AccountRegistrationTest - Application log started...
16:32:01.824 [main] INFO  testCases.TC_001_AccountRegistrationTest - Clicked on MyAccount...
16:32:02.678 [main] INFO  testCases.TC_001_AccountRegistrationTest - Clicked on Register link...
16:32:02.848 [main] INFO  testCases.TC_001_AccountRegistrationTest - Entered First name...
16:32:02.953 [main] INFO  testCases.TC_001_AccountRegistrationTest - Entered Last name...
16:32:03.066 [main] INFO  testCases.TC_001_AccountRegistrationTest - Entered Email id...
16:32:03.168 [main] INFO  testCases.TC_001_AccountRegistrationTest - Entered Phone number...
16:32:05.458 [main] INFO  testCases.TC_001_AccountRegistrationTest - Entered Password...
16:32:05.568 [main] INFO  testCases.TC_001_AccountRegistrationTest - checked privacy policy...
16:32:06.524 [main] INFO  testCases.TC_001_AccountRegistrationTest - Clicked Continue button...
16:32:06.569 [main] INFO  testCases.TC_001_AccountRegistrationTest - Validating expected message
16:32:06.570 [main] INFO  testCases.TC_001_AccountRegistrationTest - test passed..
16:32:06.574 [main] DEBUG testCases.TC_001_AccountRegistrationTest - application log ended......
16:32:06.574 [main] INFO  testCases.TC_001_AccountRegistrationTest - **** finished TC_001_AccountRegistrationTest  *****
16:32:41.634 [main] INFO  testCases.TC_002_LoginTest - !*** Starting TC_002_LoginTest***!
16:32:41.634 [main] DEBUG testCases.TC_002_LoginTest - Capturing application debug log info..
16:32:41.767 [main] INFO  testCases.TC_002_LoginTest - clicked on MyAccount in Homepage..
16:32:42.227 [main] INFO  testCases.TC_002_LoginTest - Clicked on Login Button under MyAccount..
16:32:42.233 [main] INFO  testCases.TC_002_LoginTest - Entering valid email id..
16:32:42.415 [main] INFO  testCases.TC_002_LoginTest - Entering valid password...
16:32:43.398 [main] INFO  testCases.TC_002_LoginTest - clicked on login button...
16:32:45.982 [main] INFO  testCases.TC_002_LoginTest - Login Test passed..
16:41:07.966 [main] INFO  testCases.TC_002_LoginTest - !*** Starting TC_002_LoginTest***!
16:41:07.970 [main] DEBUG testCases.TC_002_LoginTest - Capturing application debug log info..
16:41:08.136 [main] INFO  testCases.TC_002_LoginTest - clicked on MyAccount in Homepage..
16:41:08.567 [main] INFO  testCases.TC_002_LoginTest - Clicked on Login Button under MyAccount..
16:41:08.571 [main] INFO  testCases.TC_002_LoginTest - Entering valid email id..
16:41:08.721 [main] INFO  testCases.TC_002_LoginTest - Entering valid password...
16:41:09.496 [main] INFO  testCases.TC_002_LoginTest - clicked on login button...
16:41:12.085 [main] INFO  testCases.TC_002_LoginTest - Login Test passed..
16:44:35.867 [main] INFO  testCases.TC_002_LoginTest - !*** Starting TC_002_LoginTest***!
16:44:35.869 [main] DEBUG testCases.TC_002_LoginTest - Capturing application debug log info..
16:44:36.081 [main] INFO  testCases.TC_002_LoginTest - clicked on MyAccount in Homepage..
16:44:36.554 [main] INFO  testCases.TC_002_LoginTest - Clicked on Login Button under MyAccount..
16:44:36.558 [main] INFO  testCases.TC_002_LoginTest - Entering valid email id..
16:44:36.703 [main] INFO  testCases.TC_002_LoginTest - Entering valid password...
