17:18:45.835 [main] INFO  testCases.TC_001_AccountRegistrationTest - !****TC_001_AccountRegistrationTest***!
17:18:45.841 [main] DEBUG testCases.TC_001_AccountRegistrationTest - Application log started...
17:18:45.905 [main] INFO  testCases.TC_001_AccountRegistrationTest - Clicked on MyAccount...
17:18:46.640 [main] INFO  testCases.TC_001_AccountRegistrationTest - Clicked on Register link...
17:18:46.715 [main] INFO  testCases.TC_001_AccountRegistrationTest - Entered First name...
17:18:46.786 [main] INFO  testCases.TC_001_AccountRegistrationTest - Entered Last name...
17:18:46.869 [main] INFO  testCases.TC_001_AccountRegistrationTest - Entered Email id...
17:18:46.946 [main] INFO  testCases.TC_001_AccountRegistrationTest - Entered Phone number...
17:18:49.124 [main] INFO  testCases.TC_001_AccountRegistrationTest - Entered Password...
17:18:49.169 [main] INFO  testCases.TC_001_AccountRegistrationTest - checked privacy policy...
17:18:50.059 [main] INFO  testCases.TC_001_AccountRegistrationTest - Clicked Continue button...
17:18:50.087 [main] INFO  testCases.TC_001_AccountRegistrationTest - Validating expected message
17:18:50.088 [main] INFO  testCases.TC_001_AccountRegistrationTest - test passed..
17:18:50.089 [main] DEBUG testCases.TC_001_AccountRegistrationTest - application log ended......
17:18:50.089 [main] INFO  testCases.TC_001_AccountRegistrationTest - **** finished TC_001_AccountRegistrationTest  *****
21:43:55.311 [TestNG-tests-2] INFO  testCases.TC_001_AccountRegistrationTest - !****TC_001_AccountRegistrationTest***!
21:43:55.311 [TestNG-tests-1] INFO  testCases.TC_001_AccountRegistrationTest - !****TC_001_AccountRegistrationTest***!
21:43:55.313 [TestNG-tests-2] DEBUG testCases.TC_001_AccountRegistrationTest - Application log started...
21:43:55.313 [TestNG-tests-1] DEBUG testCases.TC_001_AccountRegistrationTest - Application log started...
21:43:55.378 [TestNG-tests-1] INFO  testCases.TC_001_AccountRegistrationTest - Clicked on MyAccount...
21:43:55.378 [TestNG-tests-2] INFO  testCases.TC_001_AccountRegistrationTest - Clicked on MyAccount...
21:43:56.031 [TestNG-tests-1] INFO  testCases.TC_001_AccountRegistrationTest - Clicked on Register link...
21:43:56.116 [TestNG-tests-1] INFO  testCases.TC_001_AccountRegistrationTest - Entered First name...
21:43:56.188 [TestNG-tests-1] INFO  testCases.TC_001_AccountRegistrationTest - Entered Last name...
21:43:56.332 [TestNG-tests-1] INFO  testCases.TC_001_AccountRegistrationTest - Entered Email id...
21:43:56.334 [TestNG-tests-2] INFO  testCases.TC_001_AccountRegistrationTest - Clicked on Register link...
21:43:56.416 [TestNG-tests-2] INFO  testCases.TC_001_AccountRegistrationTest - Entered First name...
21:43:56.422 [TestNG-tests-1] INFO  testCases.TC_001_AccountRegistrationTest - Entered Phone number...
21:43:56.483 [TestNG-tests-2] INFO  testCases.TC_001_AccountRegistrationTest - Entered Last name...
21:43:56.540 [TestNG-tests-2] INFO  testCases.TC_001_AccountRegistrationTest - Entered Email id...
21:43:56.599 [TestNG-tests-2] INFO  testCases.TC_001_AccountRegistrationTest - Entered Phone number...
21:43:58.573 [TestNG-tests-1] INFO  testCases.TC_001_AccountRegistrationTest - Entered Password...
21:43:58.633 [TestNG-tests-1] INFO  testCases.TC_001_AccountRegistrationTest - checked privacy policy...
21:43:58.866 [TestNG-tests-2] INFO  testCases.TC_001_AccountRegistrationTest - Entered Password...
21:43:58.967 [TestNG-tests-2] INFO  testCases.TC_001_AccountRegistrationTest - checked privacy policy...
21:43:59.418 [TestNG-tests-1] INFO  testCases.TC_001_AccountRegistrationTest - Clicked Continue button...
21:43:59.446 [TestNG-tests-1] INFO  testCases.TC_001_AccountRegistrationTest - Validating expected message
21:43:59.446 [TestNG-tests-1] INFO  testCases.TC_001_AccountRegistrationTest - test passed..
21:43:59.449 [TestNG-tests-1] DEBUG testCases.TC_001_AccountRegistrationTest - application log ended......
21:43:59.449 [TestNG-tests-1] INFO  testCases.TC_001_AccountRegistrationTest - **** finished TC_001_AccountRegistrationTest  *****
21:43:59.891 [TestNG-tests-2] INFO  testCases.TC_001_AccountRegistrationTest - Clicked Continue button...
21:43:59.920 [TestNG-tests-2] INFO  testCases.TC_001_AccountRegistrationTest - Validating expected message
21:43:59.920 [TestNG-tests-2] INFO  testCases.TC_001_AccountRegistrationTest - test passed..
21:43:59.921 [TestNG-tests-2] DEBUG testCases.TC_001_AccountRegistrationTest - application log ended......
21:43:59.921 [TestNG-tests-2] INFO  testCases.TC_001_AccountRegistrationTest - **** finished TC_001_AccountRegistrationTest  *****
21:44:24.127 [main] INFO  testCases.TC_001_AccountRegistrationTest - !****TC_001_AccountRegistrationTest***!
21:44:24.129 [main] DEBUG testCases.TC_001_AccountRegistrationTest - Application log started...
21:44:24.194 [main] INFO  testCases.TC_001_AccountRegistrationTest - Clicked on MyAccount...
21:44:24.922 [main] INFO  testCases.TC_001_AccountRegistrationTest - Clicked on Register link...
